<?xml version="1.0" encoding="UTF-8"?>
<!-- Generated by org.testng.reporters.JUnitReportReporter -->
<testsuite hostname="Shashikas-Air" failures="0" tests="1" name="functions.ElementPage" time="6.142" errors="0" timestamp="13 Mar 2022 04:12:34 GMT">
  <testcase classname="functions.ElementPage" name="verifyDownloadDoc" time="6.142"/>
</testsuite> <!-- functions.ElementPage -->
